<?xml version="1.0" encoding="UTF-8"?>
<!-- Generated by org.testng.reporters.JUnitReportReporter -->
<testsuite skipped="0" hostname="LAPTOP-0B4RIPMO" name="Project.Expedia2.FlightBooking" tests="1" failures="0" timestamp="2020-08-20T16:51:22 EDT" time="102.020" errors="0">
  <testcase name="f" time="102.020" classname="Project.Expedia2.FlightBooking"/>
  <system-out/>
</testsuite> <!-- Project.Expedia2.FlightBooking -->
